This is pdfTeX, Version 3.1415926-2.5-1.40.14 (TeX Live 2013) (format=pdflatex 2013.12.30)  31 MAR 2015 12:42
entering extended mode
 \write18 enabled.
 file:line:error style messages enabled.
 %&-line parsing enabled.
**/Users/swe/TwitterDialogs/fragen-auf-twitter/TSWLatexianTemp_001589.tex
(/Users/swe/TwitterDialogs/fragen-auf-twitter/TSWLatexianTemp_001589.tex
LaTeX2e <2011/06/27>
Babel <3.9f> and hyphenation patterns for 78 languages loaded.
(/usr/local/texlive/2013/texmf-dist/tex/latex/koma-script/scrartcl.cls
Document Class: scrartcl 2012/07/29 v3.11b KOMA-Script document class (article)
(/usr/local/texlive/2013/texmf-dist/tex/latex/koma-script/scrkbase.sty
Package: scrkbase 2012/07/29 v3.11b KOMA-Script package (KOMA-Script-dependent basics and keyval usage)
 (/usr/local/texlive/2013/texmf-dist/tex/latex/koma-script/scrbase.sty
Package: scrbase 2012/07/29 v3.11b KOMA-Script package (KOMA-Script-independent basics and keyval usage)
 (/usr/local/texlive/2013/texmf-dist/tex/latex/graphics/keyval.sty
Package: keyval 1999/03/16 v1.13 key=value parser (DPC)
\KV@toks@=\toks14
) (/usr/local/texlive/2013/texmf-dist/tex/latex/koma-script/scrlfile.sty
Package: scrlfile 2012/06/15 v3.12 KOMA-Script package (loading files)

Package scrlfile, 2012/06/15 v3.12 KOMA-Script package (loading files)
                  Copyright (C) Markus Kohm

))) (/usr/local/texlive/2013/texmf-dist/tex/latex/koma-script/tocbasic.sty
Package: tocbasic 2012/04/04 v3.10b KOMA-Script package (handling toc-files)
)
Package tocbasic Info: omitting babel extension for `toc'
(tocbasic)             because of feature `nobabel' available
(tocbasic)             for `toc' on input line 115.
Package tocbasic Info: omitting babel extension for `lof'
(tocbasic)             because of feature `nobabel' available
(tocbasic)             for `lof' on input line 116.
Package tocbasic Info: omitting babel extension for `lot'
(tocbasic)             because of feature `nobabel' available
(tocbasic)             for `lot' on input line 117.
Package scrartcl Info: You've used obsolete option `11pt'.
(scrartcl)             \KOMAExecuteOptions{fontsize=11pt} will be
(scrartcl)             used instead.
(scrartcl)             You may simply replace `11pt'
(scrartcl)             by `fontsize=11pt'.
Class scrartcl Info: You've used standard option `notitlepage'.
(scrartcl)           This is correct!
(scrartcl)           Internally I'm using `titlepage=false'.
(scrartcl)           If you'd like to set the option with \KOMAoptions,
(scrartcl)           you'd have to use `titlepage=false' there
(scrartcl)           instead of `notitlepage', too.
Class scrartcl Info: You've used standard option `oneside'.
(scrartcl)           This is correct!
(scrartcl)           Internally I'm using `twoside=false'.
(scrartcl)           If you'd like to set the option with \KOMAoptions,
(scrartcl)           you'd have to use `twoside=false' there
(scrartcl)           instead of `oneside', too.
Class scrartcl Info: File `scrsize11pt.clo' used to setup font sizes on input line 1267.
 (/usr/local/texlive/2013/texmf-dist/tex/latex/koma-script/scrsize11pt.clo
File: scrsize11pt.clo 2012/07/29 v3.11b KOMA-Script font size class option (11pt)
) (/usr/local/texlive/2013/texmf-dist/tex/latex/koma-script/typearea.sty
Package: typearea 2012/07/29 v3.11b KOMA-Script package (type area)

Package typearea, 2012/07/29 v3.11b KOMA-Script package (type area)
                  Copyright (C) Frank Neukam, 1992-1994
                  Copyright (C) Markus Kohm, 1994-

\ta@bcor=\skip41
\ta@div=\count79
Package typearea Info: You've used standard option `oneside'.
(typearea)             This is correct!
(typearea)             Internally I'm using `twoside=false'.
(typearea)             If you'd like to set the option with \KOMAoptions,
(typearea)             you'd have to use `twoside=false' there
(typearea)             instead of `oneside', too.
\ta@hblk=\skip42
\ta@vblk=\skip43
\ta@temp=\skip44
Package typearea Info: These are the values describing the layout:
(typearea)             DIV  = 10
(typearea)             BCOR = 0.0pt
(typearea)             \paperwidth      = 597.50793pt
(typearea)              \textwidth      = 418.25555pt
(typearea)              DIV departure   = -6%
(typearea)              \evensidemargin = 17.3562pt
(typearea)              \oddsidemargin  = 17.3562pt
(typearea)             \paperheight     = 845.04694pt
(typearea)              \textheight     = 595.80026pt
(typearea)              \topmargin      = -25.16531pt
(typearea)              \headheight     = 17.0pt
(typearea)              \headsep        = 20.40001pt
(typearea)              \topskip        = 11.0pt
(typearea)              \footskip       = 47.60002pt
(typearea)              \baselineskip   = 13.6pt
(typearea)              on input line 1213.
)
\c@part=\count80
\c@section=\count81
\c@subsection=\count82
\c@subsubsection=\count83
\c@paragraph=\count84
\c@subparagraph=\count85
\abovecaptionskip=\skip45
\belowcaptionskip=\skip46
\c@pti@nb@sid@b@x=\box26
\c@figure=\count86
\c@table=\count87
\bibindent=\dimen102
) (/usr/local/texlive/2013/texmf-dist/tex/latex/koma-script/scrhack.sty
Package: scrhack 2012/07/29 v3.11b KOMA-Script package (hacking other packages)
) (/usr/local/texlive/2013/texmf-dist/tex/latex/subfiles/subfiles.sty
Package: subfiles 2012/05/23 Federico Garcia
 (/usr/local/texlive/2013/texmf-dist/tex/latex/tools/verbatim.sty
Package: verbatim 2003/08/22 v1.5q LaTeX2e package for verbatim enhancements
\every@verbatim=\toks15
\verbatim@line=\toks16
\verbatim@in@stream=\read1
)) (/usr/local/texlive/2013/texmf-dist/tex/latex/base/inputenc.sty
Package: inputenc 2008/03/30 v1.1d Input encoding file
\inpenc@prehook=\toks17
\inpenc@posthook=\toks18
 (/usr/local/texlive/2013/texmf-dist/tex/latex/ucs/utf8x.def
File: utf8x.def 2004/10/17 UCS: Input encoding UTF-8
)) (/usr/local/texlive/2013/texmf-dist/tex/latex/ucs/ucs.sty
Package: ucs 2013/05/11 v2.2 UCS: Unicode input support
 (/usr/local/texlive/2013/texmf-dist/tex/latex/ucs/data/uni-global.def
File: uni-global.def 2013/05/13 UCS: Unicode global data
)
\uc@secondtry=\count88
\uc@combtoks=\toks19
\uc@combtoksb=\toks20
\uc@temptokena=\toks21
) (/usr/local/texlive/2013/texmf-dist/tex/latex/base/fontenc.sty
Package: fontenc 2005/09/27 v1.99g Standard LaTeX package
 (/usr/local/texlive/2013/texmf-dist/tex/latex/base/t1enc.def
File: t1enc.def 2005/09/27 v1.99g Standard LaTeX file
LaTeX Font Info:    Redeclaring font encoding T1 on input line 43.
)) (/usr/local/texlive/2013/texmf-dist/tex/latex/graphics/graphicx.sty
Package: graphicx 1999/02/16 v1.0f Enhanced LaTeX Graphics (DPC,SPQR)
 (/usr/local/texlive/2013/texmf-dist/tex/latex/graphics/graphics.sty
Package: graphics 2009/02/05 v1.0o Standard LaTeX Graphics (DPC,SPQR)
 (/usr/local/texlive/2013/texmf-dist/tex/latex/graphics/trig.sty
Package: trig 1999/03/16 v1.09 sin cos tan (DPC)
) (/usr/local/texlive/2013/texmf-dist/tex/latex/latexconfig/graphics.cfg
File: graphics.cfg 2010/04/23 v1.9 graphics configuration of TeX Live
)
Package graphics Info: Driver file: pdftex.def on input line 91.
 (/usr/local/texlive/2013/texmf-dist/tex/latex/pdftex-def/pdftex.def
File: pdftex.def 2011/05/27 v0.06d Graphics/color for pdfTeX
 (/usr/local/texlive/2013/texmf-dist/tex/generic/oberdiek/infwarerr.sty
Package: infwarerr 2010/04/08 v1.3 Providing info/warning/error messages (HO)
) (/usr/local/texlive/2013/texmf-dist/tex/generic/oberdiek/ltxcmds.sty
Package: ltxcmds 2011/11/09 v1.22 LaTeX kernel commands for general use (HO)
)
\Gread@gobject=\count89
))
\Gin@req@height=\dimen103
\Gin@req@width=\dimen104
) (/usr/local/texlive/2013/texmf-dist/tex/latex/pgf/frontendlayer/tikz.sty (/usr/local/texlive/2013/texmf-dist/tex/latex/pgf/basiclayer/pgf.sty (/usr/local/texlive/2013/texmf-dist/tex/latex/pgf/utilities/pgfrcs.sty (/usr/local/texlive/2013/texmf-dist/tex/generic/pgf/utilities/pgfutil-common.tex
\pgfutil@everybye=\toks22
) (/usr/local/texlive/2013/texmf-dist/tex/generic/pgf/utilities/pgfutil-latex.def
\pgfutil@abb=\box27
 (/usr/local/texlive/2013/texmf-dist/tex/latex/ms/everyshi.sty
Package: everyshi 2001/05/15 v3.00 EveryShipout Package (MS)
)) (/usr/local/texlive/2013/texmf-dist/tex/generic/pgf/utilities/pgfrcs.code.tex
Package: pgfrcs 2010/10/25 v2.10 (rcs-revision 1.24)
))
Package: pgf 2008/01/15 v2.10 (rcs-revision 1.12)
 (/usr/local/texlive/2013/texmf-dist/tex/latex/pgf/basiclayer/pgfcore.sty (/usr/local/texlive/2013/texmf-dist/tex/latex/pgf/systemlayer/pgfsys.sty (/usr/local/texlive/2013/texmf-dist/tex/generic/pgf/systemlayer/pgfsys.code.tex
Package: pgfsys 2010/06/30 v2.10 (rcs-revision 1.37)
 (/usr/local/texlive/2013/texmf-dist/tex/generic/pgf/utilities/pgfkeys.code.tex
\pgfkeys@pathtoks=\toks23
\pgfkeys@temptoks=\toks24
 (/usr/local/texlive/2013/texmf-dist/tex/generic/pgf/utilities/pgfkeysfiltered.code.tex
\pgfkeys@tmptoks=\toks25
))
\pgf@x=\dimen105
\pgf@y=\dimen106
\pgf@xa=\dimen107
\pgf@ya=\dimen108
\pgf@xb=\dimen109
\pgf@yb=\dimen110
\pgf@xc=\dimen111
\pgf@yc=\dimen112
\w@pgf@writea=\write3
\r@pgf@reada=\read2
\c@pgf@counta=\count90
\c@pgf@countb=\count91
\c@pgf@countc=\count92
\c@pgf@countd=\count93
 (/usr/local/texlive/2013/texmf-dist/tex/generic/pgf/systemlayer/pgf.cfg
File: pgf.cfg 2008/05/14  (rcs-revision 1.7)
)
Package pgfsys Info: Driver file for pgf: pgfsys-pdftex.def on input line 900.
 (/usr/local/texlive/2013/texmf-dist/tex/generic/pgf/systemlayer/pgfsys-pdftex.def
File: pgfsys-pdftex.def 2009/05/22  (rcs-revision 1.26)
 (/usr/local/texlive/2013/texmf-dist/tex/generic/pgf/systemlayer/pgfsys-common-pdf.def
File: pgfsys-common-pdf.def 2008/05/19  (rcs-revision 1.10)
))) (/usr/local/texlive/2013/texmf-dist/tex/generic/pgf/systemlayer/pgfsyssoftpath.code.tex
File: pgfsyssoftpath.code.tex 2008/07/18  (rcs-revision 1.7)
\pgfsyssoftpath@smallbuffer@items=\count94
\pgfsyssoftpath@bigbuffer@items=\count95
) (/usr/local/texlive/2013/texmf-dist/tex/generic/pgf/systemlayer/pgfsysprotocol.code.tex
File: pgfsysprotocol.code.tex 2006/10/16  (rcs-revision 1.4)
)) (/usr/local/texlive/2013/texmf-dist/tex/latex/xcolor/xcolor.sty
Package: xcolor 2007/01/21 v2.11 LaTeX color extensions (UK)
 (/usr/local/texlive/2013/texmf-dist/tex/latex/latexconfig/color.cfg
File: color.cfg 2007/01/18 v1.5 color configuration of teTeX/TeXLive
)
Package xcolor Info: Driver file: pdftex.def on input line 225.
Package xcolor Info: Model `cmy' substituted by `cmy0' on input line 1337.
Package xcolor Info: Model `hsb' substituted by `rgb' on input line 1341.
Package xcolor Info: Model `RGB' extended on input line 1353.
Package xcolor Info: Model `HTML' substituted by `rgb' on input line 1355.
Package xcolor Info: Model `Hsb' substituted by `hsb' on input line 1356.
Package xcolor Info: Model `tHsb' substituted by `hsb' on input line 1357.
Package xcolor Info: Model `HSB' substituted by `hsb' on input line 1358.
Package xcolor Info: Model `Gray' substituted by `gray' on input line 1359.
Package xcolor Info: Model `wave' substituted by `hsb' on input line 1360.
) (/usr/local/texlive/2013/texmf-dist/tex/generic/pgf/basiclayer/pgfcore.code.tex
Package: pgfcore 2010/04/11 v2.10 (rcs-revision 1.7)
 (/usr/local/texlive/2013/texmf-dist/tex/generic/pgf/math/pgfmath.code.tex (/usr/local/texlive/2013/texmf-dist/tex/generic/pgf/math/pgfmathcalc.code.tex (/usr/local/texlive/2013/texmf-dist/tex/generic/pgf/math/pgfmathutil.code.tex) (/usr/local/texlive/2013/texmf-dist/tex/generic/pgf/math/pgfmathparser.code.tex
\pgfmath@dimen=\dimen113
\pgfmath@count=\count96
\pgfmath@box=\box28
\pgfmath@toks=\toks26
\pgfmath@stack@operand=\toks27
\pgfmath@stack@operation=\toks28
) (/usr/local/texlive/2013/texmf-dist/tex/generic/pgf/math/pgfmathfunctions.code.tex (/usr/local/texlive/2013/texmf-dist/tex/generic/pgf/math/pgfmathfunctions.basic.code.tex) (/usr/local/texlive/2013/texmf-dist/tex/generic/pgf/math/pgfmathfunctions.trigonometric.code.tex) (/usr/local/texlive/2013/texmf-dist/tex/generic/pgf/math/pgfmathfunctions.random.code.tex) (/usr/local/texlive/2013/texmf-dist/tex/generic/pgf/math/pgfmathfunctions.comparison.code.tex) (/usr/local/texlive/2013/texmf-dist/tex/generic/pgf/math/pgfmathfunctions.base.code.tex) (/usr/local/texlive/2013/texmf-dist/tex/generic/pgf/math/pgfmathfunctions.round.code.tex) (/usr/local/texlive/2013/texmf-dist/tex/generic/pgf/math/pgfmathfunctions.misc.code.tex))) (/usr/local/texlive/2013/texmf-dist/tex/generic/pgf/math/pgfmathfloat.code.tex
\c@pgfmathroundto@lastzeros=\count97
)) (/usr/local/texlive/2013/texmf-dist/tex/generic/pgf/basiclayer/pgfcorepoints.code.tex
File: pgfcorepoints.code.tex 2010/04/09  (rcs-revision 1.20)
\pgf@picminx=\dimen114
\pgf@picmaxx=\dimen115
\pgf@picminy=\dimen116
\pgf@picmaxy=\dimen117
\pgf@pathminx=\dimen118
\pgf@pathmaxx=\dimen119
\pgf@pathminy=\dimen120
\pgf@pathmaxy=\dimen121
\pgf@xx=\dimen122
\pgf@xy=\dimen123
\pgf@yx=\dimen124
\pgf@yy=\dimen125
\pgf@zx=\dimen126
\pgf@zy=\dimen127
) (/usr/local/texlive/2013/texmf-dist/tex/generic/pgf/basiclayer/pgfcorepathconstruct.code.tex
File: pgfcorepathconstruct.code.tex 2010/08/03  (rcs-revision 1.24)
\pgf@path@lastx=\dimen128
\pgf@path@lasty=\dimen129
) (/usr/local/texlive/2013/texmf-dist/tex/generic/pgf/basiclayer/pgfcorepathusage.code.tex
File: pgfcorepathusage.code.tex 2008/04/22  (rcs-revision 1.12)
\pgf@shorten@end@additional=\dimen130
\pgf@shorten@start@additional=\dimen131
) (/usr/local/texlive/2013/texmf-dist/tex/generic/pgf/basiclayer/pgfcorescopes.code.tex
File: pgfcorescopes.code.tex 2010/09/08  (rcs-revision 1.34)
\pgfpic=\box29
\pgf@hbox=\box30
\pgf@layerbox@main=\box31
\pgf@picture@serial@count=\count98
) (/usr/local/texlive/2013/texmf-dist/tex/generic/pgf/basiclayer/pgfcoregraphicstate.code.tex
File: pgfcoregraphicstate.code.tex 2008/04/22  (rcs-revision 1.9)
\pgflinewidth=\dimen132
) (/usr/local/texlive/2013/texmf-dist/tex/generic/pgf/basiclayer/pgfcoretransformations.code.tex
File: pgfcoretransformations.code.tex 2009/06/10  (rcs-revision 1.11)
\pgf@pt@x=\dimen133
\pgf@pt@y=\dimen134
\pgf@pt@temp=\dimen135
) (/usr/local/texlive/2013/texmf-dist/tex/generic/pgf/basiclayer/pgfcorequick.code.tex
File: pgfcorequick.code.tex 2008/10/09  (rcs-revision 1.3)
) (/usr/local/texlive/2013/texmf-dist/tex/generic/pgf/basiclayer/pgfcoreobjects.code.tex
File: pgfcoreobjects.code.tex 2006/10/11  (rcs-revision 1.2)
) (/usr/local/texlive/2013/texmf-dist/tex/generic/pgf/basiclayer/pgfcorepathprocessing.code.tex
File: pgfcorepathprocessing.code.tex 2008/10/09  (rcs-revision 1.8)
) (/usr/local/texlive/2013/texmf-dist/tex/generic/pgf/basiclayer/pgfcorearrows.code.tex
File: pgfcorearrows.code.tex 2008/04/23  (rcs-revision 1.11)
) (/usr/local/texlive/2013/texmf-dist/tex/generic/pgf/basiclayer/pgfcoreshade.code.tex
File: pgfcoreshade.code.tex 2008/11/23  (rcs-revision 1.13)
\pgf@max=\dimen136
\pgf@sys@shading@range@num=\count99
) (/usr/local/texlive/2013/texmf-dist/tex/generic/pgf/basiclayer/pgfcoreimage.code.tex
File: pgfcoreimage.code.tex 2010/03/25  (rcs-revision 1.16)
 (/usr/local/texlive/2013/texmf-dist/tex/generic/pgf/basiclayer/pgfcoreexternal.code.tex
File: pgfcoreexternal.code.tex 2010/09/01  (rcs-revision 1.17)
\pgfexternal@startupbox=\box32
)) (/usr/local/texlive/2013/texmf-dist/tex/generic/pgf/basiclayer/pgfcorelayers.code.tex
File: pgfcorelayers.code.tex 2010/08/27  (rcs-revision 1.2)
) (/usr/local/texlive/2013/texmf-dist/tex/generic/pgf/basiclayer/pgfcoretransparency.code.tex
File: pgfcoretransparency.code.tex 2008/01/17  (rcs-revision 1.2)
) (/usr/local/texlive/2013/texmf-dist/tex/generic/pgf/basiclayer/pgfcorepatterns.code.tex
File: pgfcorepatterns.code.tex 2009/07/02  (rcs-revision 1.3)
))) (/usr/local/texlive/2013/texmf-dist/tex/generic/pgf/modules/pgfmoduleshapes.code.tex
File: pgfmoduleshapes.code.tex 2010/09/09  (rcs-revision 1.13)
\pgfnodeparttextbox=\box33
) (/usr/local/texlive/2013/texmf-dist/tex/generic/pgf/modules/pgfmoduleplot.code.tex
File: pgfmoduleplot.code.tex 2010/10/22  (rcs-revision 1.8)
) (/usr/local/texlive/2013/texmf-dist/tex/latex/pgf/compatibility/pgfcomp-version-0-65.sty
Package: pgfcomp-version-0-65 2007/07/03 v2.10 (rcs-revision 1.7)
\pgf@nodesepstart=\dimen137
\pgf@nodesepend=\dimen138
) (/usr/local/texlive/2013/texmf-dist/tex/latex/pgf/compatibility/pgfcomp-version-1-18.sty
Package: pgfcomp-version-1-18 2007/07/23 v2.10 (rcs-revision 1.1)
)) (/usr/local/texlive/2013/texmf-dist/tex/latex/pgf/utilities/pgffor.sty (/usr/local/texlive/2013/texmf-dist/tex/latex/pgf/utilities/pgfkeys.sty (/usr/local/texlive/2013/texmf-dist/tex/generic/pgf/utilities/pgfkeys.code.tex)) (/usr/local/texlive/2013/texmf-dist/tex/generic/pgf/utilities/pgffor.code.tex
Package: pgffor 2010/03/23 v2.10 (rcs-revision 1.18)
\pgffor@iter=\dimen139
\pgffor@skip=\dimen140
\pgffor@stack=\toks29
\pgffor@toks=\toks30
)) (/usr/local/texlive/2013/texmf-dist/tex/generic/pgf/frontendlayer/tikz/tikz.code.tex
Package: tikz 2010/10/13 v2.10 (rcs-revision 1.76)

(/usr/local/texlive/2013/texmf-dist/tex/generic/pgf/libraries/pgflibraryplothandlers.code.tex
File: pgflibraryplothandlers.code.tex 2010/05/31 v2.10 (rcs-revision 1.15)
\pgf@plot@mark@count=\count100
\pgfplotmarksize=\dimen141
)
\tikz@lastx=\dimen142
\tikz@lasty=\dimen143
\tikz@lastxsaved=\dimen144
\tikz@lastysaved=\dimen145
\tikzleveldistance=\dimen146
\tikzsiblingdistance=\dimen147
\tikz@figbox=\box34
\tikz@tempbox=\box35
\tikztreelevel=\count101
\tikznumberofchildren=\count102
\tikznumberofcurrentchild=\count103
\tikz@fig@count=\count104
 (/usr/local/texlive/2013/texmf-dist/tex/generic/pgf/modules/pgfmodulematrix.code.tex
File: pgfmodulematrix.code.tex 2010/08/24  (rcs-revision 1.4)
\pgfmatrixcurrentrow=\count105
\pgfmatrixcurrentcolumn=\count106
\pgf@matrix@numberofcolumns=\count107
)
\tikz@expandcount=\count108
 (/usr/local/texlive/2013/texmf-dist/tex/generic/pgf/frontendlayer/tikz/libraries/tikzlibrarytopaths.code.tex
File: tikzlibrarytopaths.code.tex 2008/06/17 v2.10 (rcs-revision 1.2)
))) (/usr/local/texlive/2013/texmf-dist/tex/latex/rotating/rotating.sty
Package: rotating 2009/03/28 v2.16a rotated objects in LaTeX
 (/usr/local/texlive/2013/texmf-dist/tex/latex/base/ifthen.sty
Package: ifthen 2001/05/26 v1.1c Standard LaTeX ifthen package (DPC)
)
\c@r@tfl@t=\count109
\rotFPtop=\skip47
\rotFPbot=\skip48
\rot@float@box=\box36
\rot@mess@toks=\toks31
) (/usr/local/texlive/2013/texmf-dist/tex/latex/pgfplots/pgfplots.sty (/usr/local/texlive/2013/texmf-dist/tex/generic/pgfplots/pgfplots.revision.tex)
Package: pgfplots 2013/03/17 v1.8 Data Visualization (1.8-3-gaf58a29)
 (/usr/local/texlive/2013/texmf-dist/tex/generic/pgfplots/pgfplots.code.tex (/usr/local/texlive/2013/texmf-dist/tex/generic/pgfplots/pgfplotscore.code.tex
\t@pgfplots@toka=\toks32
\t@pgfplots@tokb=\toks33
\t@pgfplots@tokc=\toks34
\pgfplots@tmpa=\dimen148
\c@pgfplots@coordindex=\count110
\c@pgfplots@scanlineindex=\count111
 (/usr/local/texlive/2013/texmf-dist/tex/generic/pgfplots/sys/pgfplotssysgeneric.code.tex)) (/usr/local/texlive/2013/texmf-dist/tex/generic/pgfplots/libs/pgfplotslibrary.code.tex) (/usr/local/texlive/2013/texmf-dist/tex/generic/pgfplots/oldpgfcompatib/pgfplotsoldpgfsupp_loader.code.tex
Package pgfplots: loading complementary code for your PGF version...
(/usr/local/texlive/2013/texmf-dist/tex/generic/pgfplots/oldpgfcompatib/pgfplotsoldpgfsupp_misc.code.tex) (/usr/local/texlive/2013/texmf-dist/tex/generic/pgfplots/oldpgfcompatib/pgfplotsoldpgfsupp_pgfkeys.code.tex
\pgfkeys@pathtoks=\toks35
\pgfkeys@temptoks=\toks36
 (/usr/local/texlive/2013/texmf-dist/tex/generic/pgfplots/oldpgfcompatib/pgfplotsoldpgfsupp_pgfkeysfiltered.code.tex
\pgfkeys@tmptoks=\toks37
)) (/usr/local/texlive/2013/texmf-dist/tex/generic/pgfplots/oldpgfcompatib/pgfplotsoldpgfsupp_pgfmathfloat.code.tex
\c@pgfmathroundto@lastzeros=\count112
) (/usr/local/texlive/2013/texmf-dist/tex/generic/pgfplots/oldpgfcompatib/pgfplotsoldpgfsupp_pgflibraryplothandlers.code.tex
File: pgflibraryplothandlers.code.tex 2012/09/11 v2.10 (rcs-revision 1.17)
\pgf@plot@mark@count=\count113
\pgfplotmarksize=\dimen149
) (/usr/local/texlive/2013/texmf-dist/tex/generic/pgfplots/oldpgfcompatib/pgfplotsoldpgfsupp_pgflibraryfpu.code.tex) (/usr/local/texlive/2013/texmf-dist/tex/generic/pgfplots/oldpgfcompatib/pgfplotsoldpgfsupp_pgfcorescopes.code.tex
File: pgfcorescopes.code.tex 2012/11/30  (rcs-revision 1.38)
\pgfpic=\box37
\pgf@hbox=\box38
\pgf@layerbox@main=\box39
\pgf@picture@serial@count=\count114
) (/usr/local/texlive/2013/texmf-dist/tex/generic/pgfplots/oldpgfcompatib/pgfplotsoldpgfsupp_pgfcorelayers.code.tex
File: pgfcorelayers.code.tex 2012/11/07  (rcs-revision 1.5)
)) (/usr/local/texlive/2013/texmf-dist/tex/generic/pgfplots/util/pgfplotsutil.code.tex (/usr/local/texlive/2013/texmf-dist/tex/generic/pgfplots/liststructure/pgfplotsliststructure.code.tex) (/usr/local/texlive/2013/texmf-dist/tex/generic/pgfplots/liststructure/pgfplotsliststructureext.code.tex) (/usr/local/texlive/2013/texmf-dist/tex/generic/pgfplots/liststructure/pgfplotsarray.code.tex
\c@pgfplotsarray@tmp=\count115
) (/usr/local/texlive/2013/texmf-dist/tex/generic/pgfplots/liststructure/pgfplotsmatrix.code.tex) (/usr/local/texlive/2013/texmf-dist/tex/generic/pgfplots/numtable/pgfplotstableshared.code.tex
\c@pgfplotstable@counta=\count116
\t@pgfplotstable@a=\toks38
) (/usr/local/texlive/2013/texmf-dist/tex/generic/pgfplots/liststructure/pgfplotsdeque.code.tex) (/usr/local/texlive/2013/texmf-dist/tex/generic/pgfplots/util/pgfplotsbinary.code.tex (/usr/local/texlive/2013/texmf-dist/tex/generic/pgfplots/util/pgfplotsbinary.data.code.tex)) (/usr/local/texlive/2013/texmf-dist/tex/generic/pgfplots/util/pgfplotsutil.verb.code.tex) (/usr/local/texlive/2013/texmf-dist/tex/generic/pgfplots/libs/pgflibrarypgfplots.surfshading.code.tex
\c@pgfplotslibrarysurf@no=\count117
 (/usr/local/texlive/2013/texmf-dist/tex/generic/pgfplots/sys/pgflibrarypgfplots.surfshading.pgfsys-pdftex.def))) (/usr/local/texlive/2013/texmf-dist/tex/generic/pgfplots/util/pgfplotscolormap.code.tex (/usr/local/texlive/2013/texmf-dist/tex/generic/pgfplots/util/pgfplotscolor.code.tex)) (/usr/local/texlive/2013/texmf-dist/tex/generic/pgfplots/pgfplotsstackedplots.code.tex) (/usr/local/texlive/2013/texmf-dist/tex/generic/pgfplots/pgfplotsplothandlers.code.tex (/usr/local/texlive/2013/texmf-dist/tex/generic/pgfplots/pgfplotsmeshplothandler.code.tex)) (/usr/local/texlive/2013/texmf-dist/tex/generic/pgfplots/pgfplots.scaling.code.tex) (/usr/local/texlive/2013/texmf-dist/tex/generic/pgfplots/pgfplotscoordprocessing.code.tex) (/usr/local/texlive/2013/texmf-dist/tex/generic/pgfplots/pgfplotsticks.code.tex) (/usr/local/texlive/2013/texmf-dist/tex/generic/pgfplots/pgfplots.paths.code.tex) (/usr/local/texlive/2013/texmf-dist/tex/generic/pgf/frontendlayer/tikz/libraries/tikzlibrarydecorations.code.tex (/usr/local/texlive/2013/texmf-dist/tex/generic/pgf/modules/pgfmoduledecorations.code.tex
\pgfdecoratedcompleteddistance=\dimen150
\pgfdecoratedremainingdistance=\dimen151
\pgfdecoratedinputsegmentcompleteddistance=\dimen152
\pgfdecoratedinputsegmentremainingdistance=\dimen153
\pgf@decorate@distancetomove=\dimen154
\pgf@decorate@repeatstate=\count118
\pgfdecorationsegmentamplitude=\dimen155
\pgfdecorationsegmentlength=\dimen156
)
\tikz@lib@dec@box=\box40
) (/usr/local/texlive/2013/texmf-dist/tex/generic/pgf/frontendlayer/tikz/libraries/tikzlibrarydecorations.pathmorphing.code.tex (/usr/local/texlive/2013/texmf-dist/tex/generic/pgf/libraries/decorations/pgflibrarydecorations.pathmorphing.code.tex)) (/usr/local/texlive/2013/texmf-dist/tex/generic/pgf/frontendlayer/tikz/libraries/tikzlibrarydecorations.pathreplacing.code.tex (/usr/local/texlive/2013/texmf-dist/tex/generic/pgf/libraries/decorations/pgflibrarydecorations.pathreplacing.code.tex))
\pgfplots@numplots=\count119
\pgfplots@xmin@reg=\dimen157
\pgfplots@xmax@reg=\dimen158
\pgfplots@ymin@reg=\dimen159
\pgfplots@ymax@reg=\dimen160
\pgfplots@zmin@reg=\dimen161
\pgfplots@zmax@reg=\dimen162
) (/usr/local/texlive/2013/texmf-dist/tex/generic/pgf/frontendlayer/tikz/libraries/tikzlibraryplotmarks.code.tex
File: tikzlibraryplotmarks.code.tex 2008/01/09 v2.10 (rcs-revision 1.1)
 (/usr/local/texlive/2013/texmf-dist/tex/generic/pgf/libraries/pgflibraryplotmarks.code.tex
File: pgflibraryplotmarks.code.tex 2010/10/15 v2.10 (rcs-revision 1.12)
))) (/usr/local/texlive/2013/texmf-dist/tex/latex/pgfplots/pgfplotstable.sty (/usr/local/texlive/2013/texmf-dist/tex/generic/pgfplots/pgfplots.revision.tex)
Package: pgfplotstable 2013/03/17 v1.8 Table typesetting and Pretty-printing (1.8-3-gaf58a29)
 (/usr/local/texlive/2013/texmf-dist/tex/generic/pgfplots/numtable/pgfplotstable.code.tex (/usr/local/texlive/2013/texmf-dist/tex/generic/pgfplots/numtable/pgfplotstable.coltype.code.tex)) (/usr/local/texlive/2013/texmf-dist/tex/latex/tools/array.sty
Package: array 2008/09/09 v2.4c Tabular extension package (FMi)
\col@sep=\dimen163
\extrarowheight=\dimen164
\NC@list=\toks39
\extratabsurround=\skip49
\backup@length=\skip50
)) (/usr/local/texlive/2013/texmf-dist/tex/latex/filecontents/filecontents.sty
Package: filecontents 2011/10/08 v1.3 Create an external file from within a LaTeX document
) (./pgf-pie.sty
Package: pgf-pie 2011/10/02 v0.2 Some LaTeX macros for pie chart by using PGF/Tikz package.
 (/usr/local/texlive/2013/texmf-dist/tex/latex/carlisle/scalefnt.sty)
\pgfpie@angleEnd=\skip51
\c@pgfpie@explodeLength=\count120
\c@pgfpie@colorLength=\count121
\c@pgfpie@sliceLength=\count122
) (/usr/local/texlive/2013/texmf-dist/tex/generic/babel/babel.sty
Package: babel 2013/05/16 v3.9f The Babel package
 (/usr/local/texlive/2013/texmf-dist/tex/generic/babel-german/ngermanb.ldf
Language: ngermanb 2008/07/06 v2.6n new German support from the babel system
 (/usr/local/texlive/2013/texmf-dist/tex/generic/babel/babel.def
File: babel.def 2013/05/16 v3.9f Babel common definitions
\babel@savecnt=\count123
\U@D=\dimen165
)
\l@naustrian = a dialect from \language\l@ngerman 
Package babel Info: Making " an active character on input line 92.
)) (/usr/local/texlive/2013/texmf-dist/tex/latex/blindtext/blindtext.sty
Package: blindtext 2012/01/06 V2.0 blindtext-Package
 (/usr/local/texlive/2013/texmf-dist/tex/latex/tools/xspace.sty
Package: xspace 2009/10/20 v1.13 Space after command names (DPC,MH)
)
\c@blindtext=\count124
\c@Blindtext=\count125
\c@blind@countparstart=\count126
\blind@countxx=\count127
\blindtext@numBlindtext=\count128
\blind@countyy=\count129
\c@blindlist=\count130
\c@blindlistlevel=\count131
\c@blindlist@level=\count132
\blind@listitem=\count133
\c@blind@listcount=\count134
\c@blind@levelcount=\count135
\blind@mathformula=\count136
\blind@Mathformula=\count137
\c@blind@randomcount=\count138
\c@blind@randommax=\count139
\c@blind@pangramcount=\count140
\c@blind@pangrammax=\count141
) (/usr/local/texlive/2013/texmf-dist/tex/latex/hyphenat/hyphenat.sty
Package: hyphenat 2009/09/02 v2.3c hyphenation utilities
\langwohyphens=\language79
LaTeX Info: Redefining \_ on input line 43.
) (/usr/local/texlive/2013/texmf-dist/tex/latex/csquotes/csquotes.sty
Package: csquotes 2011/10/22 v5.1d context-sensitive quotations
 (/usr/local/texlive/2013/texmf-dist/tex/latex/etoolbox/etoolbox.sty
Package: etoolbox 2011/01/03 v2.1 e-TeX tools for LaTeX
 (/usr/local/texlive/2013/texmf-dist/tex/latex/etex-pkg/etex.sty
Package: etex 1998/03/26 v2.0 eTeX basic definition package (PEB)
\et@xins=\count142
)
\etb@tempcnta=\count143
)
\csq@reset=\count144
\csq@gtype=\count145
\csq@glevel=\count146
\csq@qlevel=\count147
\csq@maxlvl=\count148
\csq@tshold=\count149
\csq@ltx@everypar=\toks40
 (/usr/local/texlive/2013/texmf-dist/tex/latex/csquotes/csquotes.def
File: csquotes.def 2011/10/22 v5.1d csquotes generic definitions
)
Package csquotes Info: Trying to load configuration file 'csquotes.cfg'...
Package csquotes Info: ... configuration file loaded successfully.
 (/usr/local/texlive/2013/texmf-dist/tex/latex/csquotes/csquotes.cfg
File: csquotes.cfg 
)
Package csquotes Info: Redefining alias 'german' -> 'german/quotes'.
) (/usr/local/texlive/2013/texmf-dist/tex/latex/url/url.sty
\Urlmuskip=\muskip10
Package: url 2006/04/12  ver 3.3  Verb mode for urls, etc.
) (/usr/local/texlive/2013/texmf-dist/tex/latex/tools/multicol.sty
Package: multicol 2011/06/27 v1.7a multicolumn formatting (FMi)
\c@tracingmulticols=\count150
\mult@box=\box41
\multicol@leftmargin=\dimen166
\c@unbalance=\count151
\c@collectmore=\count152
\doublecol@number=\count153
\multicoltolerance=\count154
\multicolpretolerance=\count155
\full@width=\dimen167
\page@free=\dimen168
\premulticols=\dimen169
\postmulticols=\dimen170
\multicolsep=\skip52
\multicolbaselineskip=\skip53
\partial@page=\box42
\last@line=\box43
\mult@rightbox=\box44
\mult@grightbox=\box45
\mult@gfirstbox=\box46
\mult@firstbox=\box47
\@tempa=\box48
\@tempa=\box49
\@tempa=\box50
\@tempa=\box51
\@tempa=\box52
\@tempa=\box53
\@tempa=\box54
\@tempa=\box55
\@tempa=\box56
\@tempa=\box57
\@tempa=\box58
\@tempa=\box59
\@tempa=\box60
\@tempa=\box61
\@tempa=\box62
\@tempa=\box63
\@tempa=\box64
\c@columnbadness=\count156
\c@finalcolumnbadness=\count157
\last@try=\dimen171
\multicolovershoot=\dimen172
\multicolundershoot=\dimen173
\mult@nat@firstbox=\box65
\colbreak@box=\box66
\multicol@sort@counter=\count158
) (/usr/local/texlive/2013/texmf-dist/tex/latex/tabto-ltx/tabto.sty
Package: tabto 2013/03/25  v 1.3  Another tabbing mechanism
\CurrentLineWidth=\dimen174
) (/usr/local/texlive/2013/texmf-dist/tex/latex/covington/covington.sty
* covington.sty : Covington's linguistic macros, 2001 March 27 *
\c@equationsave=\count159
\lineone=\box67
\linetwo=\box68
\linethree=\box69
\wordone=\box70
\wordtwo=\box71
\wordthree=\box72
\gline=\box73
\glossglue=\skip54
\c@exercise=\count160
) (/usr/local/texlive/2013/texmf-dist/tex/latex/linguex/linguex.sty
Package: linguex 2013/05/28 Example formatting for linguistics v. 4.3
 (/usr/local/texlive/2013/texmf-dist/tex/latex/gb4e/cgloss4e.sty
\lineone=\box74
\linetwo=\box75
\linethree=\box76
\wordone=\box77
\wordtwo=\box78
\wordthree=\box79
\gline=\box80
\glossglue=\skip55
)
\c@ExNo=\count161
\c@SubExNo=\count162
\c@SubSubExNo=\count163
\c@FnExNo=\count164
\c@ABC=\count165
\currentlabel=\skip56
\lessthanten=\skip57
\lessthanhundred=\skip58
\lessthanthousand=\skip59
\@Exleftmargin=\skip60
\Exlabelwidth=\skip61
\Extopsep=\skip62
\Exindent=\skip63
\SubExleftmargin=\skip64
\SubSubExleftmargin=\skip65
\Exlabelsep=\skip66
\alignSubExnegindent=\skip67
\Exredux=\skip68
\digitwidth=\skip69
\mindigitwidth=\skip70
\c@ExDepth=\count166
\c@TempExDepth=\count167
\CollectTokens=\toks41
LaTeX Info: Redefining \b on input line 307.
LaTeX Info: Redefining \c on input line 311.
LaTeX Info: Redefining \d on input line 313.
\c@tmpaEx=\count168
) (/usr/local/texlive/2013/texmf-dist/tex/latex/hyperref/nameref.sty
Package: nameref 2012/10/27 v2.43 Cross-referencing by name of section
 (/usr/local/texlive/2013/texmf-dist/tex/latex/oberdiek/refcount.sty
Package: refcount 2011/10/16 v3.4 Data extraction from label references (HO)
) (/usr/local/texlive/2013/texmf-dist/tex/generic/oberdiek/gettitlestring.sty
Package: gettitlestring 2010/12/03 v1.4 Cleanup title references (HO)
 (/usr/local/texlive/2013/texmf-dist/tex/latex/oberdiek/kvoptions.sty
Package: kvoptions 2011/06/30 v3.11 Key value format for package options (HO)
 (/usr/local/texlive/2013/texmf-dist/tex/generic/oberdiek/kvsetkeys.sty
Package: kvsetkeys 2012/04/25 v1.16 Key value parser (HO)
 (/usr/local/texlive/2013/texmf-dist/tex/generic/oberdiek/etexcmds.sty
Package: etexcmds 2011/02/16 v1.5 Avoid name clashes with e-TeX commands (HO)
 (/usr/local/texlive/2013/texmf-dist/tex/generic/oberdiek/ifluatex.sty
Package: ifluatex 2010/03/01 v1.3 Provides the ifluatex switch (HO)
Package ifluatex Info: LuaTeX not detected.
)
Package etexcmds Info: Could not find \expanded.
(etexcmds)             That can mean that you are not using pdfTeX 1.50 or
(etexcmds)             that some package has redefined \expanded.
(etexcmds)             In the latter case, load this package earlier.
))))
\c@section@level=\count169
LaTeX Info: Redefining \ref on input line 353.
LaTeX Info: Redefining \pageref on input line 353.
) (/usr/local/texlive/2013/texmf-dist/tex/latex/gb4e/gb4e.sty (/usr/local/texlive/2013/texmf-dist/tex/latex/gb4e/cgloss4e.sty
\lineone=\box81
\linetwo=\box82
\linethree=\box83
\wordone=\box84
\wordtwo=\box85
\wordthree=\box86
\gline=\box87
\glossglue=\skip71
)
\c@fnx=\count170
\@xnumdepth=\count171
\c@xnumi=\count172
\c@xnumii=\count173
\c@xnumiii=\count174
\c@xnumiv=\count175
\c@exx=\count176
\c@rxnumi=\count177
\c@rxnumii=\count178
\c@rxnumiii=\count179
\c@rxnumiv=\count180
\lcommentsep=\skip72
) (/usr/local/texlive/2013/texmf-dist/tex/latex/todonotes/todonotes.sty
Package: todonotes 2012/07/25 .dtx Todonotes source and documentation.
Package: todonotes 2012/07/25
 (/usr/local/texlive/2013/texmf-dist/tex/latex/xkeyval/xkeyval.sty
Package: xkeyval 2012/10/14 v2.6b package option processing (HA)
 (/usr/local/texlive/2013/texmf-dist/tex/generic/xkeyval/xkeyval.tex
\XKV@toks=\toks42
\XKV@tempa@toks=\toks43
\XKV@depth=\count181
File: xkeyval.tex 2012/10/14 v2.6b key=value parser (HA)
)) (/usr/local/texlive/2013/texmf-dist/tex/generic/pgf/frontendlayer/tikz/libraries/tikzlibrarypositioning.code.tex
File: tikzlibrarypositioning.code.tex 2008/10/06 v2.10 (rcs-revision 1.7)
) (/usr/local/texlive/2013/texmf-dist/tex/latex/tools/calc.sty
Package: calc 2007/08/22 v4.3 Infix arithmetic (KKT,FJ)
\calc@Acount=\count182
\calc@Bcount=\count183
\calc@Adimen=\dimen175
\calc@Bdimen=\dimen176
\calc@Askip=\skip73
\calc@Bskip=\skip74
LaTeX Info: Redefining \setlength on input line 76.
LaTeX Info: Redefining \addtolength on input line 77.
\calc@Ccount=\count184
\calc@Cskip=\skip75
)
\c@@todonotes@numberoftodonotes=\count185
)
Package csquotes Info: Checking for multilingual support...
Package csquotes Info: ... found 'babel' package.
Package csquotes Info: Adjusting default style.
Package csquotes Info: Redefining alias 'default' -> 'ngerman'.

No file TSWLatexianTemp_001589.aux.
\openout1 = `TSWLatexianTemp_001589.aux'.

LaTeX Font Info:    Checking defaults for OML/cmm/m/it on input line 74.
LaTeX Font Info:    ... okay on input line 74.
LaTeX Font Info:    Checking defaults for T1/cmr/m/n on input line 74.
LaTeX Font Info:    ... okay on input line 74.
LaTeX Font Info:    Checking defaults for OT1/cmr/m/n on input line 74.
LaTeX Font Info:    ... okay on input line 74.
LaTeX Font Info:    Checking defaults for OMS/cmsy/m/n on input line 74.
LaTeX Font Info:    ... okay on input line 74.
LaTeX Font Info:    Checking defaults for OMX/cmex/m/n on input line 74.
LaTeX Font Info:    ... okay on input line 74.
LaTeX Font Info:    Checking defaults for U/cmr/m/n on input line 74.
LaTeX Font Info:    ... okay on input line 74.
(/usr/local/texlive/2013/texmf-dist/tex/latex/ucs/ucsencs.def
File: ucsencs.def 2011/01/21 Fixes to fontencodings LGR, T3
) (/usr/local/texlive/2013/texmf-dist/tex/context/base/supp-pdf.mkii
[Loading MPS to PDF converter (version 2006.09.02).]
\scratchcounter=\count186
\scratchdimen=\dimen177
\scratchbox=\box88
\nofMPsegments=\count187
\nofMParguments=\count188
\everyMPshowfont=\toks44
\MPscratchCnt=\count189
\MPscratchDim=\dimen178
\MPnumerator=\count190
\makeMPintoPDFobject=\count191
\everyMPtoPDFconversion=\toks45
) (/usr/local/texlive/2013/texmf-dist/tex/generic/oberdiek/pdftexcmds.sty
Package: pdftexcmds 2011/11/29 v0.20 Utility functions of pdfTeX for LuaTeX (HO)
 (/usr/local/texlive/2013/texmf-dist/tex/generic/oberdiek/ifpdf.sty
Package: ifpdf 2011/01/30 v2.3 Provides the ifpdf switch (HO)
Package ifpdf Info: pdfTeX in PDF mode is detected.
)
Package pdftexcmds Info: LuaTeX not detected.
Package pdftexcmds Info: \pdf@primitive is available.
Package pdftexcmds Info: \pdf@ifprimitive is available.
Package pdftexcmds Info: \pdfdraftmode found.
) (/usr/local/texlive/2013/texmf-dist/tex/latex/oberdiek/epstopdf-base.sty
Package: epstopdf-base 2010/02/09 v2.5 Base part for package epstopdf
 (/usr/local/texlive/2013/texmf-dist/tex/latex/oberdiek/grfext.sty
Package: grfext 2010/08/19 v1.1 Manage graphics extensions (HO)
 (/usr/local/texlive/2013/texmf-dist/tex/generic/oberdiek/kvdefinekeys.sty
Package: kvdefinekeys 2011/04/07 v1.3 Define keys (HO)
))
Package grfext Info: Graphics extension search list:
(grfext)             [.png,.pdf,.jpg,.mps,.jpeg,.jbig2,.jb2,.PNG,.PDF,.JPG,.JPEG,.JBIG2,.JB2,.eps]
(grfext)             \AppendGraphicsExtensions on input line 452.
 (/usr/local/texlive/2013/texmf-dist/tex/latex/latexconfig/epstopdf-sys.cfg
File: epstopdf-sys.cfg 2010/07/13 v1.3 Configuration of (r)epstopdf for TeX Live
)) ABD: EveryShipout initializing macros

Package pgfplots Warning: running in backwards compatibility mode (unsuitable tick labels; missing features). Consider writing \pgfplotsset{compat=1.8} into your preamble.
 on input line 74.

LaTeX Font Info:    Try loading font information for T1+cmss on input line 76.
(/usr/local/texlive/2013/texmf-dist/tex/latex/base/t1cmss.fd
File: t1cmss.fd 1999/05/25 v2.5h Standard LaTeX font definitions
)
LaTeX Font Info:    External font `cmex10' loaded for size
(Font)              <14.4> on input line 76.
LaTeX Font Info:    External font `cmex10' loaded for size
(Font)              <7> on input line 76.
 (./abstract.tex (/usr/local/texlive/2013/texmf-dist/tex/latex/ucs/data/uni-0.def
File: uni-0.def 2013/05/13 UCS: Unicode data U+0000..U+00FF
)) (./einleitung.tex
Overfull \hbox (14.12282pt too wide) in paragraph at lines 7--9
\T1/cmr/m/n/10.95 rich-ten zu ver-sen-den. Da-bei folgt der Dienst ge-ra-de nicht dem klas-si-schen Sender-Empfänger-
 []

[1


{/usr/local/texlive/2013/texmf-var/fonts/map/pdftex/updmap/pdftex.map}]) (./datenvorverarbeitung.tex
LaTeX Font Info:    Try loading font information for OMS+cmr on input line 16.
 (/usr/local/texlive/2013/texmf-dist/tex/latex/base/omscmr.fd
File: omscmr.fd 1999/05/25 v2.5h Standard LaTeX font definitions
)
LaTeX Font Info:    Font shape `OMS/cmr/m/n' in size <10.95> not available
(Font)              Font shape `OMS/cmsy/m/n' tried instead on input line 16.
LaTeX Font Info:    Try loading font information for T1+cmtt on input line 16.
 (/usr/local/texlive/2013/texmf-dist/tex/latex/base/t1cmtt.fd
File: t1cmtt.fd 1999/05/25 v2.5h Standard LaTeX font definitions
) [2] [3]) (./statistics.tex [4]
LaTeX Font Info:    External font `cmex10' loaded for size
(Font)              <10.95> on input line 13.
LaTeX Font Info:    External font `cmex10' loaded for size
(Font)              <8> on input line 13.
LaTeX Font Info:    External font `cmex10' loaded for size
(Font)              <6> on input line 13.
PGFPlots: reading {csv/antwortzeitFollower.csv}

NOTE: coordinate (,) has been dropped because of a coordinate filter. (see also unbounded coords=jump). 
NOTE: coordinate (,) has been dropped because of a coordinate filter. (see also unbounded coords=jump). 
NOTE: coordinate (,) has been dropped because of a coordinate filter. (see also unbounded coords=jump). 
NOTE: coordinate (,) has been dropped because of a coordinate filter. (see also unbounded coords=jump). 
NOTE: coordinate (,) has been dropped because of a coordinate filter. (see also unbounded coords=jump). 
NOTE: coordinate (,) has been dropped because of a coordinate filter. (see also unbounded coords=jump). 
NOTE: coordinate (,) has been dropped because of a coordinate filter. (see also unbounded coords=jump). 
NOTE: coordinate (,) has been dropped because of a coordinate filter. (see also unbounded coords=jump). 
NOTE: coordinate (,) has been dropped because of a coordinate filter. (see also unbounded coords=jump). 
NOTE: coordinate (1858,) has been dropped because of a coordinate filter. (see also unbounded coords=jump). 
NOTE: coordinate (1898,) has been dropped because of a coordinate filter. (see also unbounded coords=jump). 
NOTE: coordinate (1938,) has been dropped because of a coordinate filter. (see also unbounded coords=jump). 
NOTE: coordinate (1978,) has been dropped because of a coordinate filter. (see also unbounded coords=jump). 
NOTE: coordinate (2018,) has been dropped because of a coordinate filter. (see also unbounded coords=jump). 
NOTE: coordinate (2058,) has been dropped because of a coordinate filter. (see also unbounded coords=jump). 
NOTE: coordinate (2098,) has been dropped because of a coordinate filter. (see also unbounded coords=jump). 
NOTE: coordinate (2138,) has been dropped because of a coordinate filter. (see also unbounded coords=jump). 
NOTE: coordinate (2178,) has been dropped because of a coordinate filter. (see also unbounded coords=jump). 
NOTE: coordinate (2218,) has been dropped because of a coordinate filter. (see also unbounded coords=jump). 
NOTE: coordinate (2258,) has been dropped because of a coordinate filter. (see also unbounded coords=jump). 
NOTE: coordinate (2298,) has been dropped because of a coordinate filter. (see also unbounded coords=jump). 
NOTE: coordinate (2338,) has been dropped because of a coordinate filter. (see also unbounded coords=jump). 
NOTE: coordinate (2378,) has been dropped because of a coordinate filter. (see also unbounded coords=jump). 
NOTE: coordinate (2418,) has been dropped because of a coordinate filter. (see also unbounded coords=jump). 
NOTE: coordinate (2458,) has been dropped because of a coordinate filter. (see also unbounded coords=jump). 
NOTE: coordinate (2498,) has been dropped because of a coordinate filter. (see also unbounded coords=jump). 
NOTE: coordinate (2538,) has been dropped because of a coordinate filter. (see also unbounded coords=jump). 
NOTE: coordinate (2578,) has been dropped because of a coordinate filter. (see also unbounded coords=jump). 
NOTE: coordinate (2618,) has been dropped because of a coordinate filter. (see also unbounded coords=jump). 
NOTE: coordinate (2658,) has been dropped because of a coordinate filter. (see also unbounded coords=jump). 
NOTE: coordinate (2698,) has been dropped because of a coordinate filter. (see also unbounded coords=jump). 
NOTE: coordinate (2738,) has been dropped because of a coordinate filter. (see also unbounded coords=jump). 
NOTE: coordinate (2778,) has been dropped because of a coordinate filter. (see also unbounded coords=jump). 
NOTE: coordinate (2818,) has been dropped because of a coordinate filter. (see also unbounded coords=jump). 
NOTE: coordinate (2858,) has been dropped because of a coordinate filter. (see also unbounded coords=jump). 
NOTE: coordinate (2898,) has been dropped because of a coordinate filter. (see also unbounded coords=jump). 
NOTE: coordinate (2938,) has been dropped because of a coordinate filter. (see also unbounded coords=jump). 
NOTE: coordinate (2978,) has been dropped because of a coordinate filter. (see also unbounded coords=jump). 
NOTE: coordinate (3018,) has been dropped because of a coordinate filter. (see also unbounded coords=jump). 
NOTE: coordinate (3058,) has been dropped because of a coordinate filter. (see also unbounded coords=jump). 
NOTE: coordinate (3098,) has been dropped because of a coordinate filter. (see also unbounded coords=jump). 
NOTE: coordinate (3138,) has been dropped because of a coordinate filter. (see also unbounded coords=jump). 
NOTE: coordinate (3178,) has been dropped because of a coordinate filter. (see also unbounded coords=jump). 
NOTE: coordinate (3218,) has been dropped because of a coordinate filter. (see also unbounded coords=jump). 
NOTE: coordinate (3258,) has been dropped because of a coordinate filter. (see also unbounded coords=jump). 
NOTE: coordinate (3299,) has been dropped because of a coordinate filter. (see also unbounded coords=jump). 
NOTE: coordinate (3339,) has been dropped because of a coordinate filter. (see also unbounded coords=jump). 
NOTE: coordinate (3380,) has been dropped because of a coordinate filter. (see also unbounded coords=jump). 
NOTE: coordinate (3420,) has been dropped because of a coordinate filter. (see also unbounded coords=jump). 
NOTE: coordinate (3460,) has been dropped because of a coordinate filter. (see also unbounded coords=jump). 
NOTE: coordinate (3500,) has been dropped because of a coordinate filter. (see also unbounded coords=jump). 
NOTE: coordinate (3540,) has been dropped because of a coordinate filter. (see also unbounded coords=jump). 
NOTE: coordinate (3580,) has been dropped because of a coordinate filter. (see also unbounded coords=jump). 
NOTE: coordinate (3620,) has been dropped because of a coordinate filter. (see also unbounded coords=jump). 
NOTE: coordinate (3660,) has been dropped because of a coordinate filter. (see also unbounded coords=jump). 
NOTE: coordinate (3700,) has been dropped because of a coordinate filter. (see also unbounded coords=jump). 
NOTE: coordinate (3742,) has been dropped because of a coordinate filter. (see also unbounded coords=jump). 
NOTE: coordinate (3782,) has been dropped because of a coordinate filter. (see also unbounded coords=jump). 
NOTE: coordinate (3823,) has been dropped because of a coordinate filter. (see also unbounded coords=jump). 
NOTE: coordinate (3863,) has been dropped because of a coordinate filter. (see also unbounded coords=jump). 
NOTE: coordinate (3903,) has been dropped because of a coordinate filter. (see also unbounded coords=jump). 
NOTE: coordinate (3944,) has been dropped because of a coordinate filter. (see also unbounded coords=jump). 
NOTE: coordinate (3985,) has been dropped because of a coordinate filter. (see also unbounded coords=jump). 
NOTE: coordinate (4028,) has been dropped because of a coordinate filter. (see also unbounded coords=jump). 
NOTE: coordinate (4070,) has been dropped because of a coordinate filter. (see also unbounded coords=jump). 
NOTE: coordinate (4113,) has been dropped because of a coordinate filter. (see also unbounded coords=jump). 
NOTE: coordinate (4153,) has been dropped because of a coordinate filter. (see also unbounded coords=jump). 
NOTE: coordinate (4193,) has been dropped because of a coordinate filter. (see also unbounded coords=jump). 
NOTE: coordinate (4234,) has been dropped because of a coordinate filter. (see also unbounded coords=jump). 
NOTE: coordinate (4276,) has been dropped because of a coordinate filter. (see also unbounded coords=jump). 
NOTE: coordinate (4317,) has been dropped because of a coordinate filter. (see also unbounded coords=jump). 
NOTE: coordinate (4358,) has been dropped because of a coordinate filter. (see also unbounded coords=jump). 
NOTE: coordinate (4399,) has been dropped because of a coordinate filter. (see also unbounded coords=jump). 
NOTE: coordinate (4442,) has been dropped because of a coordinate filter. (see also unbounded coords=jump). 
NOTE: coordinate (4483,) has been dropped because of a coordinate filter. (see also unbounded coords=jump). 
NOTE: coordinate (4523,) has been dropped because of a coordinate filter. (see also unbounded coords=jump). 
NOTE: coordinate (4564,) has been dropped because of a coordinate filter. (see also unbounded coords=jump). 
NOTE: coordinate (4605,) has been dropped because of a coordinate filter. (see also unbounded coords=jump). 
NOTE: coordinate (4654,) has been dropped because of a coordinate filter. (see also unbounded coords=jump). 
NOTE: coordinate (4697,) has been dropped because of a coordinate filter. (see also unbounded coords=jump). 
NOTE: coordinate (4741,) has been dropped because of a coordinate filter. (see also unbounded coords=jump). 
NOTE: coordinate (4786,) has been dropped because of a coordinate filter. (see also unbounded coords=jump). 
NOTE: coordinate (4828,) has been dropped because of a coordinate filter. (see also unbounded coords=jump). 
NOTE: coordinate (4868,) has been dropped because of a coordinate filter. (see also unbounded coords=jump). 
NOTE: coordinate (4911,) has been dropped because of a coordinate filter. (see also unbounded coords=jump). 
NOTE: coordinate (4953,) has been dropped because of a coordinate filter. (see also unbounded coords=jump). 
NOTE: coordinate (4994,) has been dropped because of a coordinate filter. (see also unbounded coords=jump). 
NOTE: coordinate (5035,) has been dropped because of a coordinate filter. (see also unbounded coords=jump). 
NOTE: coordinate (5075,) has been dropped because of a coordinate filter. (see also unbounded coords=jump). 
NOTE: coordinate (5115,) has been dropped because of a coordinate filter. (see also unbounded coords=jump). 
NOTE: coordinate (5157,) has been dropped because of a coordinate filter. (see also unbounded coords=jump). 
NOTE: coordinate (5197,) has been dropped because of a coordinate filter. (see also unbounded coords=jump). 
NOTE: coordinate (5239,) has been dropped because of a coordinate filter. (see also unbounded coords=jump). 
NOTE: coordinate (5282,) has been dropped because of a coordinate filter. (see also unbounded coords=jump). 
NOTE: coordinate (5323,) has been dropped because of a coordinate filter. (see also unbounded coords=jump). 
NOTE: coordinate (5364,) has been dropped because of a coordinate filter. (see also unbounded coords=jump). 
NOTE: coordinate (5406,) has been dropped because of a coordinate filter. (see also unbounded coords=jump). 
NOTE: coordinate (5452,) has been dropped because of a coordinate filter. (see also unbounded coords=jump). 
NOTE: coordinate (5496,) has been dropped because of a coordinate filter. (see also unbounded coords=jump). 
NOTE: coordinate (5543,) has been dropped because of a coordinate filter. (see also unbounded coords=jump). 
NOTE: coordinate (5592,) has been dropped because of a coordinate filter. (see also unbounded coords=jump). 
NOTE: coordinate (5635,) has been dropped because of a coordinate filter. (see also unbounded coords=jump). 
NOTE: coordinate (5677,) has been dropped because of a coordinate filter. (see also unbounded coords=jump). 
NOTE: coordinate (5719,) has been dropped because of a coordinate filter. (see also unbounded coords=jump). 
NOTE: coordinate (5769,) has been dropped because of a coordinate filter. (see also unbounded coords=jump). 
NOTE: coordinate (5819,) has been dropped because of a coordinate filter. (see also unbounded coords=jump). 
NOTE: coordinate (5864,) has been dropped because of a coordinate filter. (see also unbounded coords=jump). 
NOTE: coordinate (5914,) has been dropped because of a coordinate filter. (see also unbounded coords=jump). 
NOTE: coordinate (5965,) has been dropped because of a coordinate filter. (see also unbounded coords=jump). 
NOTE: coordinate (6022,) has been dropped because of a coordinate filter. (see also unbounded coords=jump). 
NOTE: coordinate (6067,) has been dropped because of a coordinate filter. (see also unbounded coords=jump). 
NOTE: coordinate (6113,) has been dropped because of a coordinate filter. (see also unbounded coords=jump). 
NOTE: coordinate (6169,) has been dropped because of a coordinate filter. (see also unbounded coords=jump). 
NOTE: coordinate (6212,) has been dropped because of a coordinate filter. (see also unbounded coords=jump). 
NOTE: coordinate (6256,) has been dropped because of a coordinate filter. (see also unbounded coords=jump). 
NOTE: coordinate (6298,) has been dropped because of a coordinate filter. (see also unbounded coords=jump). 
NOTE: coordinate (6342,) has been dropped because of a coordinate filter. (see also unbounded coords=jump). 
NOTE: coordinate (6390,) has been dropped because of a coordinate filter. (see also unbounded coords=jump). 
NOTE: coordinate (6436,) has been dropped because of a coordinate filter. (see also unbounded coords=jump). 
NOTE: coordinate (6481,) has been dropped because of a coordinate filter. (see also unbounded coords=jump). 
NOTE: coordinate (6528,) has been dropped because of a coordinate filter. (see also unbounded coords=jump). 
NOTE: coordinate (6574,) has been dropped because of a coordinate filter. (see also unbounded coords=jump). 
NOTE: coordinate (6617,) has been dropped because of a coordinate filter. (see also unbounded coords=jump). 
NOTE: coordinate (6665,) has been dropped because of a coordinate filter. (see also unbounded coords=jump). 
NOTE: coordinate (6710,) has been dropped because of a coordinate filter. (see also unbounded coords=jump). 
NOTE: coordinate (6766,) has been dropped because of a coordinate filter. (see also unbounded coords=jump). 
NOTE: coordinate (6825,) has been dropped because of a coordinate filter. (see also unbounded coords=jump). 
NOTE: coordinate (6879,) has been dropped because of a coordinate filter. (see also unbounded coords=jump). 
NOTE: coordinate (6929,) has been dropped because of a coordinate filter. (see also unbounded coords=jump). 
NOTE: coordinate (6990,) has been dropped because of a coordinate filter. (see also unbounded coords=jump). 
NOTE: coordinate (7041,) has been dropped because of a coordinate filter. (see also unbounded coords=jump). 
NOTE: coordinate (7094,) has been dropped because of a coordinate filter. (see also unbounded coords=jump). 
NOTE: coordinate (7144,) has been dropped because of a coordinate filter. (see also unbounded coords=jump). 
NOTE: coordinate (7208,) has been dropped because of a coordinate filter. (see also unbounded coords=jump). 
NOTE: coordinate (7263,) has been dropped because of a coordinate filter. (see also unbounded coords=jump). 
NOTE: coordinate (7321,) has been dropped because of a coordinate filter. (see also unbounded coords=jump). 
NOTE: coordinate (7386,) has been dropped because of a coordinate filter. (see also unbounded coords=jump). 
NOTE: coordinate (7438,) has been dropped because of a coordinate filter. (see also unbounded coords=jump). 
NOTE: coordinate (7486,) has been dropped because of a coordinate filter. (see also unbounded coords=jump). 
NOTE: coordinate (7541,) has been dropped because of a coordinate filter. (see also unbounded coords=jump). 
NOTE: coordinate (7598,) has been dropped because of a coordinate filter. (see also unbounded coords=jump). 
NOTE: coordinate (7642,) has been dropped because of a coordinate filter. (see also unbounded coords=jump). 
NOTE: coordinate (7688,) has been dropped because of a coordinate filter. (see also unbounded coords=jump). 
NOTE: coordinate (7741,) has been dropped because of a coordinate filter. (see also unbounded coords=jump). 
NOTE: coordinate (7796,) has been dropped because of a coordinate filter. (see also unbounded coords=jump). 
NOTE: coordinate (7845,) has been dropped because of a coordinate filter. (see also unbounded coords=jump). 
NOTE: coordinate (7890,) has been dropped because of a coordinate filter. (see also unbounded coords=jump). 
NOTE: coordinate (7937,) has been dropped because of a coordinate filter. (see also unbounded coords=jump). 
NOTE: coordinate (7994,) has been dropped because of a coordinate filter. (see also unbounded coords=jump). 
NOTE: coordinate (8050,) has been dropped because of a coordinate filter. (see also unbounded coords=jump). 
NOTE: coordinate (8103,) has been dropped because of a coordinate filter. (see also unbounded coords=jump). 
NOTE: coordinate (8163,) has been dropped because of a coordinate filter. (see also unbounded coords=jump). 
NOTE: coordinate (8232,) has been dropped because of a coordinate filter. (see also unbounded coords=jump). 
NOTE: coordinate (8311,) has been dropped because of a coordinate filter. (see also unbounded coords=jump). 
NOTE: coordinate (8387,) has been dropped because of a coordinate filter. (see also unbounded coords=jump). 
NOTE: coordinate (8472,) has been dropped because of a coordinate filter. (see also unbounded coords=jump). 
NOTE: coordinate (8559,) has been dropped because of a coordinate filter. (see also unbounded coords=jump). 
NOTE: coordinate (8635,) has been dropped because of a coordinate filter. (see also unbounded coords=jump). 
NOTE: coordinate (8681,) has been dropped because of a coordinate filter. (see also unbounded coords=jump). 
NOTE: coordinate (8729,) has been dropped because of a coordinate filter. (see also unbounded coords=jump). 
NOTE: coordinate (8790,) has been dropped because of a coordinate filter. (see also unbounded coords=jump). 
NOTE: coordinate (8861,) has been dropped because of a coordinate filter. (see also unbounded coords=jump). 
NOTE: coordinate (8928,) has been dropped because of a coordinate filter. (see also unbounded coords=jump). 
NOTE: coordinate (8992,) has been dropped because of a coordinate filter. (see also unbounded coords=jump). 
NOTE: coordinate (9067,) has been dropped because of a coordinate filter. (see also unbounded coords=jump). 
NOTE: coordinate (9126,) has been dropped because of a coordinate filter. (see also unbounded coords=jump). 
NOTE: coordinate (9176,) has been dropped because of a coordinate filter. (see also unbounded coords=jump). 
NOTE: coordinate (9224,) has been dropped because of a coordinate filter. (see also unbounded coords=jump). 
NOTE: coordinate (9274,) has been dropped because of a coordinate filter. (see also unbounded coords=jump). 
NOTE: coordinate (9327,) has been dropped because of a coordinate filter. (see also unbounded coords=jump). 
NOTE: coordinate (9412,) has been dropped because of a coordinate filter. (see also unbounded coords=jump). 
NOTE: coordinate (9504,) has been dropped because of a coordinate filter. (see also unbounded coords=jump). 
NOTE: coordinate (9599,) has been dropped because of a coordinate filter. (see also unbounded coords=jump). 
NOTE: coordinate (9691,) has been dropped because of a coordinate filter. (see also unbounded coords=jump). 
NOTE: coordinate (9752,) has been dropped because of a coordinate filter. (see also unbounded coords=jump). 
NOTE: coordinate (9805,) has been dropped because of a coordinate filter. (see also unbounded coords=jump). 
NOTE: coordinate (9856,) has been dropped because of a coordinate filter. (see also unbounded coords=jump). 
NOTE: coordinate (9923,) has been dropped because of a coordinate filter. (see also unbounded coords=jump). 
NOTE: coordinate (10003,) has been dropped because of a coordinate filter. (see also unbounded coords=jump). 
NOTE: coordinate (10105,) has been dropped because of a coordinate filter. (see also unbounded coords=jump). 
NOTE: coordinate (10206,) has been dropped because of a coordinate filter. (see also unbounded coords=jump). 
NOTE: coordinate (10304,) has been dropped because of a coordinate filter. (see also unbounded coords=jump). 
NOTE: coordinate (10363,) has been dropped because of a coordinate filter. (see also unbounded coords=jump). 
NOTE: coordinate (10446,) has been dropped because of a coordinate filter. (see also unbounded coords=jump). 
NOTE: coordinate (10547,) has been dropped because of a coordinate filter. (see also unbounded coords=jump). 
NOTE: coordinate (10632,) has been dropped because of a coordinate filter. (see also unbounded coords=jump). 
NOTE: coordinate (10732,) has been dropped because of a coordinate filter. (see also unbounded coords=jump). 
NOTE: coordinate (10817,) has been dropped because of a coordinate filter. (see also unbounded coords=jump). 
NOTE: coordinate (10904,) has been dropped because of a coordinate filter. (see also unbounded coords=jump). 
NOTE: coordinate (10978,) has been dropped because of a coordinate filter. (see also unbounded coords=jump). 
NOTE: coordinate (11052,) has been dropped because of a coordinate filter. (see also unbounded coords=jump). 
NOTE: coordinate (11182,) has been dropped because of a coordinate filter. (see also unbounded coords=jump). 
NOTE: coordinate (11295,) has been dropped because of a coordinate filter. (see also unbounded coords=jump). 
NOTE: coordinate (11394,) has been dropped because of a coordinate filter. (see also unbounded coords=jump). 
NOTE: coordinate (11486,) has been dropped because of a coordinate filter. (see also unbounded coords=jump). 
NOTE: coordinate (11598,) has been dropped because of a coordinate filter. (see also unbounded coords=jump). 
NOTE: coordinate (11706,) has been dropped because of a coordinate filter. (see also unbounded coords=jump). 
NOTE: coordinate (11804,) has been dropped because of a coordinate filter. (see also unbounded coords=jump). 
NOTE: coordinate (11878,) has been dropped because of a coordinate filter. (see also unbounded coords=jump). 
NOTE: coordinate (11983,) has been dropped because of a coordinate filter. (see also unbounded coords=jump). 
NOTE: coordinate (12104,) has been dropped because of a coordinate filter. (see also unbounded coords=jump). 
NOTE: coordinate (12211,) has been dropped because of a coordinate filter. (see also unbounded coords=jump). 
NOTE: coordinate (12291,) has been dropped because of a coordinate filter. (see also unbounded coords=jump). 
NOTE: coordinate (12371,) has been dropped because of a coordinate filter. (see also unbounded coords=jump). 
NOTE: coordinate (12485,) has been dropped because of a coordinate filter. (see also unbounded coords=jump). 
NOTE: coordinate (12586,) has been dropped because of a coordinate filter. (see also unbounded coords=jump). 
NOTE: coordinate (12683,) has been dropped because of a coordinate filter. (see also unbounded coords=jump). 
NOTE: coordinate (12795,) has been dropped because of a coordinate filter. (see also unbounded coords=jump). 
NOTE: coordinate (12878,) has been dropped because of a coordinate filter. (see also unbounded coords=jump). 
NOTE: coordinate (12956,) has been dropped because of a coordinate filter. (see also unbounded coords=jump). 
NOTE: coordinate (13056,) has been dropped because of a coordinate filter. (see also unbounded coords=jump). 
NOTE: coordinate (13188,) has been dropped because of a coordinate filter. (see also unbounded coords=jump). 
NOTE: coordinate (13308,) has been dropped because of a coordinate filter. (see also unbounded coords=jump). 
NOTE: coordinate (13433,) has been dropped because of a coordinate filter. (see also unbounded coords=jump). 
NOTE: coordinate (13545,) has been dropped because of a coordinate filter. (see also unbounded coords=jump). 
NOTE: coordinate (13626,) has been dropped because of a coordinate filter. (see also unbounded coords=jump). 
NOTE: coordinate (13711,) has been dropped because of a coordinate filter. (see also unbounded coords=jump). 
NOTE: coordinate (13835,) has been dropped because of a coordinate filter. (see also unbounded coords=jump). 
NOTE: coordinate (13994,) has been dropped because of a coordinate filter. (see also unbounded coords=jump). 
NOTE: coordinate (14195,) has been dropped because of a coordinate filter. (see also unbounded coords=jump). 
NOTE: coordinate (14426,) has been dropped because of a coordinate filter. (see also unbounded coords=jump). 
NOTE: coordinate (14613,) has been dropped because of a coordinate filter. (see also unbounded coords=jump). 
NOTE: coordinate (14728,) has been dropped because of a coordinate filter. (see also unbounded coords=jump). 
NOTE: coordinate (14920,) has been dropped because of a coordinate filter. (see also unbounded coords=jump). 
NOTE: coordinate (15054,) has been dropped because of a coordinate filter. (see also unbounded coords=jump). 
NOTE: coordinate (15176,) has been dropped because of a coordinate filter. (see also unbounded coords=jump). 
NOTE: coordinate (15286,) has been dropped because of a coordinate filter. (see also unbounded coords=jump). 
NOTE: coordinate (15420,) has been dropped because of a coordinate filter. (see also unbounded coords=jump). 
NOTE: coordinate (15658,) has been dropped because of a coordinate filter. (see also unbounded coords=jump). 
NOTE: coordinate (15788,) has been dropped because of a coordinate filter. (see also unbounded coords=jump). 
NOTE: coordinate (15903,) has been dropped because of a coordinate filter. (see also unbounded coords=jump). 
NOTE: coordinate (16017,) has been dropped because of a coordinate filter. (see also unbounded coords=jump). 
NOTE: coordinate (16167,) has been dropped because of a coordinate filter. (see also unbounded coords=jump). 
NOTE: coordinate (16306,) has been dropped because of a coordinate filter. (see also unbounded coords=jump). 
NOTE: coordinate (16567,) has been dropped because of a coordinate filter. (see also unbounded coords=jump). 
NOTE: coordinate (16775,) has been dropped because of a coordinate filter. (see also unbounded coords=jump). 
NOTE: coordinate (17016,) has been dropped because of a coordinate filter. (see also unbounded coords=jump). 
NOTE: coordinate (17224,) has been dropped because of a coordinate filter. (see also unbounded coords=jump). 
NOTE: coordinate (17460,) has been dropped because of a coordinate filter. (see also unbounded coords=jump). 
NOTE: coordinate (17668,) has been dropped because of a coordinate filter. (see also unbounded coords=jump). 
NOTE: coordinate (17862,) has been dropped because of a coordinate filter. (see also unbounded coords=jump). 
NOTE: coordinate (18083,) has been dropped because of a coordinate filter. (see also unbounded coords=jump). 
NOTE: coordinate (18325,) has been dropped because of a coordinate filter. (see also unbounded coords=jump). 
NOTE: coordinate (18586,) has been dropped because of a coordinate filter. (see also unbounded coords=jump). 
NOTE: coordinate (18821,) has been dropped because of a coordinate filter. (see also unbounded coords=jump). 
NOTE: coordinate (19098,) has been dropped because of a coordinate filter. (see also unbounded coords=jump). 
NOTE: coordinate (19457,) has been dropped because of a coordinate filter. (see also unbounded coords=jump). 
NOTE: coordinate (19674,) has been dropped because of a coordinate filter. (see also unbounded coords=jump). 
NOTE: coordinate (19803,) has been dropped because of a coordinate filter. (see also unbounded coords=jump). 
NOTE: coordinate (20028,) has been dropped because of a coordinate filter. (see also unbounded coords=jump). 
NOTE: coordinate (20195,) has been dropped because of a coordinate filter. (see also unbounded coords=jump). 
NOTE: coordinate (20311,) has been dropped because of a coordinate filter. (see also unbounded coords=jump). 
NOTE: coordinate (20475,) has been dropped because of a coordinate filter. (see also unbounded coords=jump). 
NOTE: coordinate (20632,) has been dropped because of a coordinate filter. (see also unbounded coords=jump). 
NOTE: coordinate (20891,) has been dropped because of a coordinate filter. (see also unbounded coords=jump). 
NOTE: coordinate (21287,) has been dropped because of a coordinate filter. (see also unbounded coords=jump). 
NOTE: coordinate (21762,) has been dropped because of a coordinate filter. (see also unbounded coords=jump). 
NOTE: coordinate (22072,) has been dropped because of a coordinate filter. (see also unbounded coords=jump). 
NOTE: coordinate (22493,) has been dropped because of a coordinate filter. (see also unbounded coords=jump). 
NOTE: coordinate (22821,) has been dropped because of a coordinate filter. (see also unbounded coords=jump). 
NOTE: coordinate (22882,) has been dropped because of a coordinate filter. (see also unbounded coords=jump). 
NOTE: coordinate (22933,) has been dropped because of a coordinate filter. (see also unbounded coords=jump). 
NOTE: coordinate (22985,) has been dropped because of a coordinate filter. (see also unbounded coords=jump). 
NOTE: coordinate (23053,) has been dropped because of a coordinate filter. (see also unbounded coords=jump). 
NOTE: coordinate (23120,) has been dropped because of a coordinate filter. (see also unbounded coords=jump). 
NOTE: coordinate (23185,) has been dropped because of a coordinate filter. (see also unbounded coords=jump). 
NOTE: coordinate (23427,) has been dropped because of a coordinate filter. (see also unbounded coords=jump). 
NOTE: coordinate (23634,) has been dropped because of a coordinate filter. (see also unbounded coords=jump). 
NOTE: coordinate (23981,) has been dropped because of a coordinate filter. (see also unbounded coords=jump). 
NOTE: coordinate (24195,) has been dropped because of a coordinate filter. (see also unbounded coords=jump). 
NOTE: coordinate (24278,) has been dropped because of a coordinate filter. (see also unbounded coords=jump). 
NOTE: coordinate (24348,) has been dropped because of a coordinate filter. (see also unbounded coords=jump). 
NOTE: coordinate (24412,) has been dropped because of a coordinate filter. (see also unbounded coords=jump). 
NOTE: coordinate (24488,) has been dropped because of a coordinate filter. (see also unbounded coords=jump). 
NOTE: coordinate (24581,) has been dropped because of a coordinate filter. (see also unbounded coords=jump). 
NOTE: coordinate (24665,) has been dropped because of a coordinate filter. (see also unbounded coords=jump). 
NOTE: coordinate (24883,) has been dropped because of a coordinate filter. (see also unbounded coords=jump). 
NOTE: coordinate (25180,) has been dropped because of a coordinate filter. (see also unbounded coords=jump). 
NOTE: coordinate (25451,) has been dropped because of a coordinate filter. (see also unbounded coords=jump). 
NOTE: coordinate (25696,) has been dropped because of a coordinate filter. (see also unbounded coords=jump). 
NOTE: coordinate (25974,) has been dropped because of a coordinate filter. (see also unbounded coords=jump). 
NOTE: coordinate (26172,) has been dropped because of a coordinate filter. (see also unbounded coords=jump). 
NOTE: coordinate (26383,) has been dropped because of a coordinate filter. (see also unbounded coords=jump). 
NOTE: coordinate (26756,) has been dropped because of a coordinate filter. (see also unbounded coords=jump). 
NOTE: coordinate (27218,) has been dropped because of a coordinate filter. (see also unbounded coords=jump). 
NOTE: coordinate (27647,) has been dropped because of a coordinate filter. (see also unbounded coords=jump). 
NOTE: coordinate (28155,) has been dropped because of a coordinate filter. (see also unbounded coords=jump). 
NOTE: coordinate (28552,) has been dropped because of a coordinate filter. (see also unbounded coords=jump). 
NOTE: coordinate (28902,) has been dropped because of a coordinate filter. (see also unbounded coords=jump). 
NOTE: coordinate (29232,) has been dropped because of a coordinate filter. (see also unbounded coords=jump). 
NOTE: coordinate (29650,) has been dropped because of a coordinate filter. (see also unbounded coords=jump). 
NOTE: coordinate (30108,) has been dropped because of a coordinate filter. (see also unbounded coords=jump). 
NOTE: coordinate (30433,) has been dropped because of a coordinate filter. (see also unbounded coords=jump). 
NOTE: coordinate (30719,) has been dropped because of a coordinate filter. (see also unbounded coords=jump). 
NOTE: coordinate (30953,) has been dropped because of a coordinate filter. (see also unbounded coords=jump). 
NOTE: coordinate (31102,) has been dropped because of a coordinate filter. (see also unbounded coords=jump). 
NOTE: coordinate (31250,) has been dropped because of a coordinate filter. (see also unbounded coords=jump). 
NOTE: coordinate (31446,) has been dropped because of a coordinate filter. (see also unbounded coords=jump). 
NOTE: coordinate (31664,) has been dropped because of a coordinate filter. (see also unbounded coords=jump). 
NOTE: coordinate (31979,) has been dropped because of a coordinate filter. (see also unbounded coords=jump). 
NOTE: coordinate (32400,) has been dropped because of a coordinate filter. (see also unbounded coords=jump). 
NOTE: coordinate (32509,) has been dropped because of a coordinate filter. (see also unbounded coords=jump). 
NOTE: coordinate (32588,) has been dropped because of a coordinate filter. (see also unbounded coords=jump). 
NOTE: coordinate (32725,) has been dropped because of a coordinate filter. (see also unbounded coords=jump). 
NOTE: coordinate (33305,) has been dropped because of a coordinate filter. (see also unbounded coords=jump). 
NOTE: coordinate (33793,) has been dropped because of a coordinate filter. (see also unbounded coords=jump). 
NOTE: coordinate (34147,) has been dropped because of a coordinate filter. (see also unbounded coords=jump). 
NOTE: coordinate (34852,) has been dropped because of a coordinate filter. (see also unbounded coords=jump). 
NOTE: coordinate (35366,) has been dropped because of a coordinate filter. (see also unbounded coords=jump). 
NOTE: coordinate (36104,) has been dropped because of a coordinate filter. (see also unbounded coords=jump). 
NOTE: coordinate (37348,) has been dropped because of a coordinate filter. (see also unbounded coords=jump). 
NOTE: coordinate (38049,) has been dropped because of a coordinate filter. (see also unbounded coords=jump). 
NOTE: coordinate (38828,) has been dropped because of a coordinate filter. (see also unbounded coords=jump). 
NOTE: coordinate (39560,) has been dropped because of a coordinate filter. (see also unbounded coords=jump). 
NOTE: coordinate (40739,) has been dropped because of a coordinate filter. (see also unbounded coords=jump). 
NOTE: coordinate (42043,) has been dropped because of a coordinate filter. (see also unbounded coords=jump). 
NOTE: coordinate (42767,) has been dropped because of a coordinate filter. (see also unbounded coords=jump). 
NOTE: coordinate (43888,) has been dropped because of a coordinate filter. (see also unbounded coords=jump). 
NOTE: coordinate (45105,) has been dropped because of a coordinate filter. (see also unbounded coords=jump). 
NOTE: coordinate (46000,) has been dropped because of a coordinate filter. (see also unbounded coords=jump). 
NOTE: coordinate (46742,) has been dropped because of a coordinate filter. (see also unbounded coords=jump). 
NOTE: coordinate (47623,) has been dropped because of a coordinate filter. (see also unbounded coords=jump). 
NOTE: coordinate (48818,) has been dropped because of a coordinate filter. (see also unbounded coords=jump). 
NOTE: coordinate (49650,) has been dropped because of a coordinate filter. (see also unbounded coords=jump). 
NOTE: coordinate (52784,) has been dropped because of a coordinate filter. (see also unbounded coords=jump). 
NOTE: coordinate (54303,) has been dropped because of a coordinate filter. (see also unbounded coords=jump). 
NOTE: coordinate (54739,) has been dropped because of a coordinate filter. (see also unbounded coords=jump). 
NOTE: coordinate (55502,) has been dropped because of a coordinate filter. (see also unbounded coords=jump). 
NOTE: coordinate (56636,) has been dropped because of a coordinate filter. (see also unbounded coords=jump). 
NOTE: coordinate (57844,) has been dropped because of a coordinate filter. (see also unbounded coords=jump). 
NOTE: coordinate (58518,) has been dropped because of a coordinate filter. (see also unbounded coords=jump). 
NOTE: coordinate (59204,) has been dropped because of a coordinate filter. (see also unbounded coords=jump). 
NOTE: coordinate (60539,) has been dropped because of a coordinate filter. (see also unbounded coords=jump). 
NOTE: coordinate (62141,) has been dropped because of a coordinate filter. (see also unbounded coords=jump). 
NOTE: coordinate (64486,) has been dropped because of a coordinate filter. (see also unbounded coords=jump). 
NOTE: coordinate (68238,) has been dropped because of a coordinate filter. (see also unbounded coords=jump). 
NOTE: coordinate (71332,) has been dropped because of a coordinate filter. (see also unbounded coords=jump). 
NOTE: coordinate (73903,) has been dropped because of a coordinate filter. (see also unbounded coords=jump). 
NOTE: coordinate (77798,) has been dropped because of a coordinate filter. (see also unbounded coords=jump). 
NOTE: coordinate (79202,) has been dropped because of a coordinate filter. (see also unbounded coords=jump). 
NOTE: coordinate (80569,) has been dropped because of a coordinate filter. (see also unbounded coords=jump). 
NOTE: coordinate (81829,) has been dropped because of a coordinate filter. (see also unbounded coords=jump). 
NOTE: coordinate (83014,) has been dropped because of a coordinate filter. (see also unbounded coords=jump). 
NOTE: coordinate (83882,) has been dropped because of a coordinate filter. (see also unbounded coords=jump). 
NOTE: coordinate (86144,) has been dropped because of a coordinate filter. (see also unbounded coords=jump). 
NOTE: coordinate (89732,) has been dropped because of a coordinate filter. (see also unbounded coords=jump). 
NOTE: coordinate (95602,) has been dropped because of a coordinate filter. (see also unbounded coords=jump). 
NOTE: coordinate (101242,) has been dropped because of a coordinate filter. (see also unbounded coords=jump). 
NOTE: coordinate (104929,) has been dropped because of a coordinate filter. (see also unbounded coords=jump). 
NOTE: coordinate (107388,) has been dropped because of a coordinate filter. (see also unbounded coords=jump). 
NOTE: coordinate (110201,) has been dropped because of a coordinate filter. (see also unbounded coords=jump). 
NOTE: coordinate (112029,) has been dropped because of a coordinate filter. (see also unbounded coords=jump). 
NOTE: coordinate (113647,) has been dropped because of a coordinate filter. (see also unbounded coords=jump). 
NOTE: coordinate (114878,) has been dropped because of a coordinate filter. (see also unbounded coords=jump). 
NOTE: coordinate (117423,) has been dropped because of a coordinate filter. (see also unbounded coords=jump). 
NOTE: coordinate (122284,) has been dropped because of a coordinate filter. (see also unbounded coords=jump). 
NOTE: coordinate (137415,) has been dropped because of a coordinate filter. (see also unbounded coords=jump). 
NOTE: coordinate (140683,) has been dropped because of a coordinate filter. (see also unbounded coords=jump). 
NOTE: coordinate (141725,) has been dropped because of a coordinate filter. (see also unbounded coords=jump). 
NOTE: coordinate (143974,) has been dropped because of a coordinate filter. (see also unbounded coords=jump). 
NOTE: coordinate (155973,) has been dropped because of a coordinate filter. (see also unbounded coords=jump). 
NOTE: coordinate (168466,) has been dropped because of a coordinate filter. (see also unbounded coords=jump). 
NOTE: coordinate (181389,) has been dropped because of a coordinate filter. (see also unbounded coords=jump). 
NOTE: coordinate (195260,) has been dropped because of a coordinate filter. (see also unbounded coords=jump). 
NOTE: coordinate (226795,) has been dropped because of a coordinate filter. (see also unbounded coords=jump). 
NOTE: coordinate (242102,) has been dropped because of a coordinate filter. (see also unbounded coords=jump). 
NOTE: coordinate (248922,) has been dropped because of a coordinate filter. (see also unbounded coords=jump). 
NOTE: coordinate (334701,) has been dropped because of a coordinate filter. (see also unbounded coords=jump). 
NOTE: coordinate (488209,) has been dropped because of a coordinate filter. (see also unbounded coords=jump). 
[5]

LaTeX Warning: `h' float specifier changed to `ht'.

PGFPlots: reading {csv/followerBreite.csv}
PGFPlots: reading {csv/followerBreite.csv}
[6] [7]
PGFPlots: reading {csv/zeitspanneDialoglaenge.csv}
PGFPlots: reading {csv/zeitspanneDialoglaenge.csv}

Overfull \hbox (37.34593pt too wide) in paragraph at lines 117--118
 [] 
 []


LaTeX Warning: `h' float specifier changed to `ht'.

[8] [9]
PGFPlots: reading {csv/laenge.csv}

NOTE: coordinate (3,) has been dropped because of a coordinate filter. (see also unbounded coords=jump). 
PGFPlots: reading {csv/laenge.csv}

Overfull \hbox (35.9766pt too wide) in paragraph at lines 217--218
 [] 
 []

[10]
PGFPlots: reading {csv/faRatioUnbeantwortet.csv}

NOTE: coordinate (123,) has been dropped because of a coordinate filter. (see also unbounded coords=jump). 
NOTE: coordinate (136,) has been dropped because of a coordinate filter. (see also unbounded coords=jump). 
PGFPlots: reading {csv/faRatioUnbeantwortet.csv}
NOTE: coordinate (123,) has been dropped because of a coordinate filter. (see also unbounded coords=jump). 
NOTE: coordinate (136,) has been dropped because of a coordinate filter. (see also unbounded coords=jump). 

Overfull \hbox (34.91188pt too wide) in paragraph at lines 249--250
 [] 
 []

[11]
PGFPlots: reading {csv/faRatioBeantwortet.csv}

NOTE: coordinate (5,) has been dropped because of a coordinate filter. (see also unbounded coords=jump). 
NOTE: coordinate (7,) has been dropped because of a coordinate filter. (see also unbounded coords=jump). 
NOTE: coordinate (8,) has been dropped because of a coordinate filter. (see also unbounded coords=jump). 
NOTE: coordinate (9,) has been dropped because of a coordinate filter. (see also unbounded coords=jump). 
NOTE: coordinate (10,) has been dropped because of a coordinate filter. (see also unbounded coords=jump). 
NOTE: coordinate (11,) has been dropped because of a coordinate filter. (see also unbounded coords=jump). 
NOTE: coordinate (12,) has been dropped because of a coordinate filter. (see also unbounded coords=jump). 
NOTE: coordinate (13,) has been dropped because of a coordinate filter. (see also unbounded coords=jump). 
NOTE: coordinate (14,) has been dropped because of a coordinate filter. (see also unbounded coords=jump). 
NOTE: coordinate (15,) has been dropped because of a coordinate filter. (see also unbounded coords=jump). 
NOTE: coordinate (16,) has been dropped because of a coordinate filter. (see also unbounded coords=jump). 
NOTE: coordinate (17,) has been dropped because of a coordinate filter. (see also unbounded coords=jump). 
NOTE: coordinate (18,) has been dropped because of a coordinate filter. (see also unbounded coords=jump). 
NOTE: coordinate (19,) has been dropped because of a coordinate filter. (see also unbounded coords=jump). 
NOTE: coordinate (20,) has been dropped because of a coordinate filter. (see also unbounded coords=jump). 
NOTE: coordinate (21,) has been dropped because of a coordinate filter. (see also unbounded coords=jump). 
PGFPlots: reading {csv/faRatioBeantwortet.csv}

Overfull \hbox (34.91148pt too wide) in paragraph at lines 281--282
 [] 
 []

[12]
PGFPlots: reading {csv/sheet20.csv}
PGFPlots: reading {csv/sheet20.csv}
PGFPlots: reading {csv/sheet20.csv}

NOTE: coordinate (0Y0.0e0],) has been dropped because of a coordinate filter. (see also unbounded coords=jump). 
[13]
PGFPlots: reading {csv/frageAntwortWochentag.csv}
PGFPlots: reading {csv/frageAntwortWochentag.csv}
PGFPlots: reading {csv/frageAntwortWochentag.csv}
 [14]) (./echofragen.tex [15] [16] (/usr/local/texlive/2013/texmf-dist/tex/latex/ucs/data/uni-32.def
File: uni-32.def 2013/05/13 UCS: Unicode data U+2000..U+20FF
) [17]) [18] (./TSWLatexianTemp_001589.aux)

LaTeX Warning: Label(s) may have changed. Rerun to get cross-references right.

 ) 
Here is how much of TeX's memory you used:
 24243 strings out of 493315
 547882 string characters out of 6137903
 868962 words of memory out of 5000000
 27143 multiletter control sequences out of 15000+600000
 13921 words of font info for 36 fonts, out of 8000000 for 9000
 957 hyphenation exceptions out of 8191
 65i,17n,86p,1360b,2120s stack positions out of 5000i,500n,10000p,200000b,80000s
{/usr/local/texlive/2013/texmf-dist/fonts/enc/dvips/cm-super/cm-super-t1.enc}</usr/local/texlive/2013/texmf-dist/fonts/type1/public/amsfonts/cm/cmmi10.pfb></usr/local/texlive/2013/texmf-dist/fonts/type1/public/amsfonts/cm/cmr10.pfb></usr/local/texlive/2013/texmf-dist/fonts/type1/public/amsfonts/cm/cmr8.pfb></usr/local/texlive/2013/texmf-dist/fonts/type1/public/amsfonts/cm/cmsy10.pfb></usr/local/texlive/2013/texmf-dist/fonts/type1/public/amsfonts/cm/cmsy8.pfb></usr/local/texlive/2013/texmf-dist/fonts/type1/public/cm-super/sfrm1095.pfb></usr/local/texlive/2013/texmf-dist/fonts/type1/public/cm-super/sfrm1440.pfb></usr/local/texlive/2013/texmf-dist/fonts/type1/public/cm-super/sfsx1095.pfb></usr/local/texlive/2013/texmf-dist/fonts/type1/public/cm-super/sfsx1200.pfb></usr/local/texlive/2013/texmf-dist/fonts/type1/public/cm-super/sfsx1440.pfb></usr/local/texlive/2013/texmf-dist/fonts/type1/public/cm-super/sfsx2074.pfb></usr/local/texlive/2013/texmf-dist/fonts/type1/public/cm-super/sfti1095.pfb></usr/local/texlive/2013/texmf-dist/fonts/type1/public/cm-super/sftt1095.pfb>
Output written on TSWLatexianTemp_001589.pdf (18 pages, 292532 bytes).
PDF statistics:
 118 PDF objects out of 1000 (max. 8388607)
 84 compressed objects within 1 object stream
 0 named destinations out of 1000 (max. 500000)
 13 words of extra memory for PDF output out of 10000 (max. 10000000)

